<?xml version="1.0" encoding="UTF-8"?>
<coverage generated="1548830997">
  <project timestamp="1548830997">
    <package name="AndrewBreksa\SlimActionHelpers">
      <file name="/home/andrew/Desktop/tinyapp/slim-action-helpers/src/AbstractAction.php">
        <class name="AndrewBreksa\SlimActionHelpers\AbstractAction" namespace="AndrewBreksa\SlimActionHelpers" fullPackage="AndrewBreksa" package="AndrewBreksa">
          <metrics complexity="1" methods="1" coveredmethods="1" conditionals="0" coveredconditionals="0" statements="4" coveredstatements="4" elements="5" coveredelements="5"/>
        </class>
        <line num="27" type="method" name="__invoke" visibility="public" complexity="1" crap="1" count="9"/>
        <line num="29" type="stmt" count="9"/>
        <line num="30" type="stmt" count="9"/>
        <line num="31" type="stmt" count="9"/>
        <line num="33" type="stmt" count="9"/>
        <metrics loc="36" ncloc="23" classes="1" methods="1" coveredmethods="1" conditionals="0" coveredconditionals="0" statements="4" coveredstatements="4" elements="5" coveredelements="5"/>
      </file>
      <file name="/home/andrew/Desktop/tinyapp/slim-action-helpers/src/AbstractMiddleware.php">
        <class name="AndrewBreksa\SlimActionHelpers\AbstractMiddleware" namespace="AndrewBreksa\SlimActionHelpers" fullPackage="AndrewBreksa" package="AndrewBreksa">
          <metrics complexity="4" methods="3" coveredmethods="3" conditionals="0" coveredconditionals="0" statements="9" coveredstatements="9" elements="12" coveredelements="12"/>
        </class>
        <line num="22" type="method" name="getNext" visibility="public" complexity="1" crap="1" count="1"/>
        <line num="24" type="stmt" count="1"/>
        <line num="31" type="method" name="setNext" visibility="public" complexity="1" crap="1" count="3"/>
        <line num="33" type="stmt" count="3"/>
        <line num="34" type="stmt" count="3"/>
        <line num="46" type="method" name="__invoke" visibility="public" complexity="2" crap="2" count="2"/>
        <line num="48" type="stmt" count="2"/>
        <line num="49" type="stmt" count="2"/>
        <line num="50" type="stmt" count="2"/>
        <line num="51" type="stmt" count="2"/>
        <line num="52" type="stmt" count="1"/>
        <line num="54" type="stmt" count="1"/>
        <metrics loc="57" ncloc="37" classes="1" methods="3" coveredmethods="3" conditionals="0" coveredconditionals="0" statements="9" coveredstatements="9" elements="12" coveredelements="12"/>
      </file>
      <file name="/home/andrew/Desktop/tinyapp/slim-action-helpers/src/SlimHelperTrait.php">
        <class name="SlimHelperTrait" namespace="AndrewBreksa\SlimActionHelpers" fullPackage="AndrewBreksa" package="AndrewBreksa">
          <metrics complexity="22" methods="19" coveredmethods="19" conditionals="0" coveredconditionals="0" statements="42" coveredstatements="42" elements="61" coveredelements="61"/>
        </class>
        <line num="40" type="method" name="__construct" visibility="public" complexity="1" crap="1" count="12"/>
        <line num="42" type="stmt" count="12"/>
        <line num="43" type="stmt" count="12"/>
        <line num="44" type="stmt" count="12"/>
        <line num="46" type="method" name="bootstrap" visibility="public" complexity="1" crap="1" count="11"/>
        <line num="48" type="stmt" count="11"/>
        <line num="49" type="stmt" count="11"/>
        <line num="50" type="stmt" count="11"/>
        <line num="55" type="method" name="getResponse" visibility="public" complexity="1" crap="1" count="4"/>
        <line num="57" type="stmt" count="4"/>
        <line num="60" type="method" name="setResponse" visibility="public" complexity="1" crap="1" count="11"/>
        <line num="62" type="stmt" count="11"/>
        <line num="63" type="stmt" count="11"/>
        <line num="68" type="method" name="getRequest" visibility="public" complexity="1" crap="1" count="1"/>
        <line num="70" type="stmt" count="1"/>
        <line num="73" type="method" name="setRequest" visibility="public" complexity="1" crap="1" count="11"/>
        <line num="75" type="stmt" count="11"/>
        <line num="76" type="stmt" count="11"/>
        <line num="85" type="method" name="getQueryParam" visibility="public" complexity="2" crap="2" count="1"/>
        <line num="87" type="stmt" count="1"/>
        <line num="88" type="stmt" count="1"/>
        <line num="91" type="stmt" count="1"/>
        <line num="94" type="method" name="html" visibility="public" complexity="1" crap="1" count="1"/>
        <line num="96" type="stmt" count="1"/>
        <line num="99" type="method" name="text" visibility="public" complexity="1" crap="1" count="3"/>
        <line num="101" type="stmt" count="3"/>
        <line num="102" type="stmt" count="3"/>
        <line num="103" type="stmt" count="3"/>
        <line num="104" type="stmt" count="3"/>
        <line num="105" type="stmt" count="3"/>
        <line num="107" type="stmt" count="3"/>
        <line num="110" type="method" name="json" visibility="public" complexity="2" crap="2" count="1"/>
        <line num="112" type="stmt" count="1"/>
        <line num="114" type="stmt" count="1"/>
        <line num="115" type="stmt" count="1"/>
        <line num="117" type="stmt" count="1"/>
        <line num="120" type="method" name="problem" visibility="public" complexity="1" crap="1" count="1"/>
        <line num="122" type="stmt" count="1"/>
        <line num="123" type="stmt" count="1"/>
        <line num="126" type="method" name="exception" visibility="public" complexity="1" crap="1" count="1"/>
        <line num="128" type="stmt" count="1"/>
        <line num="131" type="method" name="view" visibility="public" complexity="1" crap="1" count="1"/>
        <line num="136" type="stmt" count="1"/>
        <line num="137" type="stmt" count="1"/>
        <line num="143" type="method" name="getContainer" visibility="public" complexity="1" crap="1" count="1"/>
        <line num="145" type="stmt" count="1"/>
        <line num="152" type="method" name="setContainer" visibility="public" complexity="1" crap="1" count="1"/>
        <line num="154" type="stmt" count="1"/>
        <line num="155" type="stmt" count="1"/>
        <line num="158" type="method" name="getRouteParam" visibility="public" complexity="2" crap="2" count="1"/>
        <line num="160" type="stmt" count="1"/>
        <line num="161" type="stmt" count="1"/>
        <line num="162" type="stmt" count="1"/>
        <line num="164" type="stmt" count="1"/>
        <line num="170" type="method" name="getRoute" visibility="public" complexity="1" crap="1" count="1"/>
        <line num="172" type="stmt" count="1"/>
        <line num="178" type="method" name="getOptions" visibility="public" complexity="1" crap="1" count="1"/>
        <line num="180" type="stmt" count="1"/>
        <line num="187" type="method" name="setOptions" visibility="public" complexity="1" crap="1" count="1"/>
        <line num="189" type="stmt" count="1"/>
        <line num="190" type="stmt" count="1"/>
        <metrics loc="193" ncloc="144" classes="1" methods="19" coveredmethods="19" conditionals="0" coveredconditionals="0" statements="42" coveredstatements="42" elements="61" coveredelements="61"/>
      </file>
    </package>
    <file name="/home/andrew/Desktop/tinyapp/slim-action-helpers/src/ActionInterface.php">
      <metrics loc="21" ncloc="11" classes="0" methods="0" coveredmethods="0" conditionals="0" coveredconditionals="0" statements="0" coveredstatements="0" elements="0" coveredelements="0"/>
    </file>
    <metrics files="4" loc="307" ncloc="215" classes="3" methods="23" coveredmethods="23" conditionals="0" coveredconditionals="0" statements="55" coveredstatements="55" elements="78" coveredelements="78"/>
  </project>
</coverage>
